<?xml version="1.0" encoding="UTF-8"?>
<!-- Generated by org.testng.reporters.JUnitXMLReporter -->
<testsuite hostname="DESKTOP-0JHIS2I" name="Parallel Tests2" tests="1" failures="0" timestamp="28 Apr 2021 09:34:05 GMT" time="0.057" errors="0">
  <testcase name="@BeforeMethod beforemethod" time="0.0" classname="com.opencart.testscripts.FileUploadTest">
    <failure type="java.lang.IllegalStateException" message="The driver executable does not exist: C:\Users\user\workspace\OpenCartRepo\Drivers\geckodriver.exe">
      <![CDATA[java.lang.IllegalStateException: The driver executable does not exist: C:\Users\user\workspace\OpenCartRepo\Drivers\geckodriver.exe
	at com.google.common.base.Preconditions.checkState(Preconditions.java:585)
	at org.openqa.selenium.remote.service.DriverService.checkExecutable(DriverService.java:146)
	at org.openqa.selenium.remote.service.DriverService.findExecutable(DriverService.java:141)
	at org.openqa.selenium.firefox.GeckoDriverService.access$100(GeckoDriverService.java:38)
	at org.openqa.selenium.firefox.GeckoDriverService$Builder.findDefaultExecutable(GeckoDriverService.java:112)
	at org.openqa.selenium.remote.service.DriverService$Builder.build(DriverService.java:355)
	at org.openqa.selenium.firefox.FirefoxDriver.toExecutor(FirefoxDriver.java:233)
	at org.openqa.selenium.firefox.FirefoxDriver.<init>(FirefoxDriver.java:125)
	at org.openqa.selenium.firefox.FirefoxDriver.<init>(FirefoxDriver.java:121)
	at com.opencart.constants.BaseClass.gotoFirefoxDriver(BaseClass.java:51)
	at com.opencart.constants.BaseClass.openURL(BaseClass.java:68)
	at com.opencart.testscripts.FileUploadTest.beforemethod(FileUploadTest.java:34)
	at java.util.concurrent.ThreadPoolExecutor.runWorker(Unknown Source)
	at java.util.concurrent.ThreadPoolExecutor$Worker.run(Unknown Source)
	at java.lang.Thread.run(Unknown Source)
... Removed 12 stack frames]]>
    </failure>
  </testcase> <!-- @BeforeMethod beforemethod -->
  <testcase name="@AfterMethod aftermethod" time="0.0" classname="com.opencart.testscripts.FileUploadTest">
    <skipped/>
  </testcase> <!-- @AfterMethod aftermethod -->
  <testcase name="uploadFile" time="0.0" classname="com.opencart.testscripts.FileUploadTest">
    <skipped/>
  </testcase> <!-- uploadFile -->
</testsuite> <!-- Parallel Tests2 -->
